  Source.cpp
C:\VisualCodeProjects\FaceDetection\FaceRec.h(82,7): warning C4101: 'key': unreferenced local variable
C:\VisualCodeProjects\FaceDetection\FaceRec.h(226,118): warning C4244: 'argument': conversion from 'double' to 'int', possible loss of data
C:\VisualCodeProjects\FaceDetection\FaceRec.h(229,128): warning C4244: 'argument': conversion from 'double' to 'int', possible loss of data
C:\VisualCodeProjects\FaceDetection\FaceRec.h(230,164): warning C4244: 'argument': conversion from 'double' to 'int', possible loss of data
Source.obj : error LNK2019: unresolved external symbol "public: void __cdecl cv::face::FaceRecognizer::predict(class cv::debug_build_guard::_InputArray const &,int &,double &)const " (?predict@FaceRecognizer@face@cv@@QEBAXAEBV_InputArray@debug_build_guard@3@AEAHAEAN@Z) referenced in function "void __cdecl FaceRecognition(void)" (?FaceRecognition@@YAXXZ)
Source.obj : error LNK2019: unresolved external symbol "public: static struct cv::Ptr<class cv::face::EigenFaceRecognizer> __cdecl cv::face::EigenFaceRecognizer::create(int,double)" (?create@EigenFaceRecognizer@face@cv@@SA?AU?$Ptr@VEigenFaceRecognizer@face@cv@@@3@HN@Z) referenced in function "void __cdecl eigenFaceTrainer(void)" (?eigenFaceTrainer@@YAXXZ)
Source.obj : error LNK2019: unresolved external symbol "public: static struct cv::Ptr<class cv::face::FisherFaceRecognizer> __cdecl cv::face::FisherFaceRecognizer::create(int,double)" (?create@FisherFaceRecognizer@face@cv@@SA?AU?$Ptr@VFisherFaceRecognizer@face@cv@@@3@HN@Z) referenced in function "void __cdecl FaceRecognition(void)" (?FaceRecognition@@YAXXZ)
C:\VisualCodeProjects\FaceDetection\x64\Debug\FaceDetection.exe : fatal error LNK1120: 3 unresolved externals

Project Performance Summary:
     2150 ms  C:\VisualCodeProjects\FaceDetection\FaceDetection.vcxproj   1 calls
               2150 ms  Build                                      1 calls

Target Performance Summary:
        0 ms  BuildGenerateSources                       1 calls
        0 ms  VcpkgCheckManifestRoot                     1 calls
        0 ms  VcpkgTripletSelection                      1 calls
        0 ms  SelectClCompile                            1 calls
        0 ms  MakeDirsForCl                              1 calls
        0 ms  ComputeStdModulesCompileInputs             1 calls
        0 ms  WarnCompileDuplicatedFilename              1 calls
        0 ms  MakeDirsForLink                            1 calls
        0 ms  GetReferencedVCProjectsInfo                1 calls
        0 ms  ComputeCLInputPDBName                      1 calls
        0 ms  BeforeClCompile                            1 calls
        0 ms  BuildCompileTraverse                       1 calls
        0 ms  _BuildGenerateSourcesAction                1 calls
        0 ms  AfterBuildGenerateSourcesEvent             1 calls
        0 ms  CreateCustomManifestResourceNames          1 calls
        0 ms  FindReferenceAssembliesForReferences       1 calls
        0 ms  AfterClCompile                             1 calls
        0 ms  _ClCompile                                 1 calls
        0 ms  BeforeResourceCompile                      1 calls
        0 ms  AssignTargetPaths                          1 calls
        0 ms  ComputeManifestInputsTargets               1 calls
        0 ms  ComputeLinkInputsFromProject               1 calls
        0 ms  ComputeCLOutputs                           1 calls
        0 ms  ComputeManifestGeneratedLinkerInputs       1 calls
        0 ms  ComputeRCGeneratedLinkInputs               1 calls
        0 ms  ComputeRCOutputs                           1 calls
        0 ms  BeforeLink                                 1 calls
        0 ms  ComputeLegacyManifestEmbedding             1 calls
        0 ms  BuildLinkTraverse                          1 calls
        0 ms  BuildCompile                               1 calls
        0 ms  _BuildCompileAction                        1 calls
        0 ms  AfterBuildCompileEvent                     1 calls
        0 ms  _ResourceCompile                           1 calls
        0 ms  AfterResourceCompile                       1 calls
        0 ms  _Midl                                      1 calls
        0 ms  AfterMidl                                  1 calls
        0 ms  AfterBuildGenerateSources                  1 calls
        0 ms  MakeDirsForMidl                            1 calls
        0 ms  SetCABuildNativeEnvironmentVariables       1 calls
        0 ms  ComputeMIDLGeneratedCompileInputs          1 calls
        0 ms  GetResolvedWinMD                           1 calls
        0 ms  AddExternalIncludDirectoriesToPaths        1 calls
        0 ms  GetReferenceAssemblyPaths                  1 calls
        0 ms  GetFrameworkPaths                          1 calls
        0 ms  DoLinkOutputFilesMatch                     1 calls
        0 ms  ResolveProjectReferences                   1 calls
        0 ms  PreLinkEvent                               1 calls
        0 ms  _AddOutputPathToGlobalPropertiesToRemove   1 calls
        0 ms  _SplitProjectReferencesByFileExistence     1 calls
        0 ms  IgnoreJavaScriptOutputAssembly             1 calls
        0 ms  BeforeResolveReferences                    1 calls
        0 ms  _PrepareForReferenceResolution             1 calls
        0 ms  PrepareProjectReferences                   1 calls
        0 ms  ResolveSDKReferences                       1 calls
        0 ms  _CheckWindowsSDKInstalled                  1 calls
        0 ms  ResolveAssemblyReferences                  1 calls
        0 ms  _Xsd                                       1 calls
        0 ms  CopyFileToFolders                          1 calls
        0 ms  ExpandSDKReferences                        1 calls
        0 ms  _SelectedFiles                             1 calls
        0 ms  PreBuildEvent                              1 calls
        0 ms  BeforeBuildGenerateSources                 1 calls
        0 ms  BuildGenerateSourcesTraverse               1 calls
        0 ms  SelectCustomBuild                          1 calls
        0 ms  ResolveReferences                          1 calls
        0 ms  AfterResolveReferences                     1 calls
        0 ms  PrepareResourceNames                       1 calls
        1 ms  MakeDirsForResourceCompile                 1 calls
        1 ms  ComputeLinkSwitches                        1 calls
        1 ms  ComputeCustomBuildOutput                   1 calls
        1 ms  SetBuildDefaultEnvironmentVariables        1 calls
        1 ms  _PrepareForBuild                           1 calls
        1 ms  AssignProjectConfiguration                 1 calls
        1 ms  ComputeCLGeneratedLinkInputs               1 calls
        1 ms  ComputeReferenceCLInput                    1 calls
        1 ms  FixupCLCompileOptions                      1 calls
        1 ms  SplitResourcesByCulture                    1 calls
        2 ms  InitializeBuildStatus                      1 calls
        4 ms  SetTelemetryEnvironmentVariables           1 calls
        5 ms  CustomBuild                                1 calls
        6 ms  _CheckForInvalidConfigurationAndPlatform   1 calls
       10 ms  PrepareForBuild                            1 calls
       22 ms  _GetProjectReferenceTargetFrameworkProperties   1 calls
      121 ms  Link                                       1 calls
     1968 ms  ClCompile                                  1 calls

Task Performance Summary:
        0 ms  Message                                    4 calls
        0 ms  MSBuild                                    1 calls
        0 ms  Touch                                      1 calls
        0 ms  AssignTargetPath                           4 calls
        0 ms  AssignCulture                              1 calls
        1 ms  MakeDir                                    7 calls
        1 ms  WriteLinesToFile                           1 calls
        1 ms  SetRidAgnosticValueForProjects             1 calls
        1 ms  CheckVCToolsetVersion                      1 calls
        1 ms  AssignProjectConfiguration                 1 calls
        1 ms  ReadLinesFromFile                          1 calls
        2 ms  SetEnv                                    11 calls
        5 ms  GetOutOfDateItems                          3 calls
      121 ms  Link                                       1 calls
     1966 ms  CL                                         1 calls
